{"level":"info","message":"User id:673af5e02a68ca7b09a6ff7b has been registered successfully","timestamp":"2024-11-18T08:08:03.123Z"}
<<<<<<< HEAD
{"level":"info","message":"User id:673b207333b5c97f9ca4b27a has been registered successfully","timestamp":"2024-11-18T11:09:42.147Z"}
{"level":"info","message":"User id:673b215e5322f07b40daf93f has been registered successfully","timestamp":"2024-11-18T11:13:36.405Z"}
{"level":"info","message":"User ID:673dbd30196cda8175fa32ab has been registered successfully","timestamp":"2024-11-20T10:42:58.819Z"}
{"level":"info","message":"User ID:673ebe08aba9c0db05ec5363 has been registered successfully","timestamp":"2024-11-21T04:58:51.115Z"}
=======
>>>>>>> 562bfa6251af87f52dd3002fdbe31eae0630e771
{"level":"error","message":"error","timestamp":"2024-11-21T10:42:06.136Z"}
{"level":"error","message":"error","timestamp":"2024-11-21T10:59:04.294Z"}
{"level":"error","message":"error","timestamp":"2024-11-21T11:25:11.045Z"}
{"level":"info","message":"User id:673f18d9c9e5eeeb91a1a56d has been registered successfully","timestamp":"2024-11-21T11:26:18.952Z"}
{"level":"error","message":"error","timestamp":"2024-11-21T11:27:39.931Z"}
{"level":"info","message":"User id:673f18d9c9e5eeeb91a1a56d has been deleted successfully","timestamp":"2024-11-21T11:27:55.330Z"}
{"level":"info","message":"User id:673f1942ae5976fc2420ac76 has been registered successfully","timestamp":"2024-11-21T11:28:04.778Z"}
{"level":"error","message":"error","timestamp":"2024-11-21T11:30:35.141Z"}
{"level":"info","message":"User id:673f1942ae5976fc2420ac76 has been deleted successfully","timestamp":"2024-11-21T11:30:54.552Z"}
{"level":"error","message":"error","timestamp":"2024-11-21T12:25:58.078Z"}
{"level":"error","message":"error","timestamp":"2024-11-21T13:00:33.226Z"}
{"level":"info","message":"User id:674026c8867cacfbfcfdc61b has been registered successfully","timestamp":"2024-11-22T06:38:02.497Z"}
{"level":"error","message":"error","timestamp":"2024-11-23T08:20:04.237Z"}
